<?xml version="1.0" encoding="UTF-8"?>
<testng-results skipped="1" failed="2" total="12" passed="9">
  <reporter-output>
  </reporter-output>
  <suite name="Default suite" duration-ms="303044" started-at="2018-06-04T10:14:17Z" finished-at="2018-06-04T10:19:20Z">
    <groups>
    </groups>
    <test name="Default test" duration-ms="303044" started-at="2018-06-04T10:14:17Z" finished-at="2018-06-04T10:19:20Z">
      <class name="login.ExtentReport">
        <test-method status="PASS" signature="startTest()[pri:0, instance:login.ExtentReport@4b9e13df]" test-instance-name="" name="startTest" is-config="true" duration-ms="272" started-at="2018-06-04T15:44:17Z" finished-at="2018-06-04T15:44:18Z">
          <reporter-output>
          </reporter-output>
        </test-method> <!-- startTest -->
        <test-method status="PASS" signature="beforeclass()[pri:0, instance:login.ExtentReport@4b9e13df]" test-instance-name="" name="beforeclass" is-config="true" duration-ms="13477" started-at="2018-06-04T15:44:18Z" finished-at="2018-06-04T15:44:31Z">
          <reporter-output>
          </reporter-output>
        </test-method> <!-- beforeclass -->
        <test-method status="PASS" signature="pageTitleTest()[pri:1, instance:login.ExtentReport@4b9e13df]" test-instance-name="" name="pageTitleTest" duration-ms="21" started-at="2018-06-04T15:44:31Z" finished-at="2018-06-04T15:44:31Z">
          <reporter-output>
          </reporter-output>
        </test-method> <!-- pageTitleTest -->
        <test-method status="PASS" signature="setTestResult(org.testng.ITestResult)[pri:0, instance:login.ExtentReport@4b9e13df]" test-instance-name="" name="setTestResult" is-config="true" duration-ms="706" started-at="2018-06-04T15:44:31Z" finished-at="2018-06-04T15:44:32Z">
          <params>
            <param index="0">
              <value>
                <![CDATA[[TestResult name="" status=SUCCESS method=ExtentReport.pageTitleTest()[pri:1, instance:login.ExtentReport@4b9e13df] output={null}]]]>
              </value>
            </param>
          </params>
          <reporter-output>
          </reporter-output>
        </test-method> <!-- setTestResult -->
        <test-method status="SKIP" signature="loginTest(java.lang.String, java.lang.String)[pri:2, instance:login.ExtentReport@4b9e13df]" test-instance-name="" name="loginTest" duration-ms="0" started-at="2018-06-04T15:44:32Z" data-provider="getData" finished-at="2018-06-04T15:44:32Z">
          <exception class="org.testng.TestNGException">
            <message>
              <![CDATA[
Data Provider public java.lang.Object login.ExtentReport.getData() must return either Object[][] or Iterator<Object>[], not class java.lang.Object]]>
            </message>
            <full-stacktrace>
              <![CDATA[org.testng.TestNGException: 
Data Provider public java.lang.Object login.ExtentReport.getData() must return either Object[][] or Iterator<Object>[], not class java.lang.Object
	at org.testng.internal.MethodInvocationHelper.invokeDataProvider(MethodInvocationHelper.java:157)
	at org.testng.internal.Parameters.handleParameters(Parameters.java:430)
	at org.testng.internal.Invoker.handleParameters(Invoker.java:1274)
	at org.testng.internal.Invoker.createParameters(Invoker.java:989)
	at org.testng.internal.Invoker.invokeTestMethods(Invoker.java:1079)
	at org.testng.internal.TestMethodWorker.invokeTestMethods(TestMethodWorker.java:129)
	at org.testng.internal.TestMethodWorker.run(TestMethodWorker.java:112)
	at org.testng.TestRunner.privateRun(TestRunner.java:782)
	at org.testng.TestRunner.run(TestRunner.java:632)
	at org.testng.SuiteRunner.runTest(SuiteRunner.java:366)
	at org.testng.SuiteRunner.runSequentially(SuiteRunner.java:361)
	at org.testng.SuiteRunner.privateRun(SuiteRunner.java:319)
	at org.testng.SuiteRunner.run(SuiteRunner.java:268)
	at org.testng.SuiteRunnerWorker.runSuite(SuiteRunnerWorker.java:52)
	at org.testng.SuiteRunnerWorker.run(SuiteRunnerWorker.java:86)
	at org.testng.TestNG.runSuitesSequentially(TestNG.java:1244)
	at org.testng.TestNG.runSuitesLocally(TestNG.java:1169)
	at org.testng.TestNG.run(TestNG.java:1064)
	at org.testng.remote.AbstractRemoteTestNG.run(AbstractRemoteTestNG.java:114)
	at org.testng.remote.RemoteTestNG.initAndRun(RemoteTestNG.java:251)
	at org.testng.remote.RemoteTestNG.main(RemoteTestNG.java:77)
]]>
            </full-stacktrace>
          </exception> <!-- org.testng.TestNGException -->
          <reporter-output>
          </reporter-output>
        </test-method> <!-- loginTest -->
        <test-method status="PASS" signature="beforeclass()[pri:0, instance:login.ExtentReport@4b9e13df]" test-instance-name="" name="beforeclass" is-config="true" duration-ms="11642" started-at="2018-06-04T15:44:32Z" finished-at="2018-06-04T15:44:43Z">
          <reporter-output>
          </reporter-output>
        </test-method> <!-- beforeclass -->
        <test-method status="PASS" signature="automatedjob()[pri:3, instance:login.ExtentReport@4b9e13df]" test-instance-name="" name="automatedjob" duration-ms="17312" started-at="2018-06-04T15:44:43Z" finished-at="2018-06-04T15:45:01Z">
          <reporter-output>
          </reporter-output>
        </test-method> <!-- automatedjob -->
        <test-method status="PASS" signature="setTestResult(org.testng.ITestResult)[pri:0, instance:login.ExtentReport@4b9e13df]" test-instance-name="" name="setTestResult" is-config="true" duration-ms="266" started-at="2018-06-04T15:45:01Z" finished-at="2018-06-04T15:45:01Z">
          <params>
            <param index="0">
              <value>
                <![CDATA[[TestResult name="" status=SUCCESS method=ExtentReport.automatedjob()[pri:3, instance:login.ExtentReport@4b9e13df] output={null}]]]>
              </value>
            </param>
          </params>
          <reporter-output>
          </reporter-output>
        </test-method> <!-- setTestResult -->
        <test-method status="PASS" signature="beforeclass()[pri:0, instance:login.ExtentReport@4b9e13df]" test-instance-name="" name="beforeclass" is-config="true" duration-ms="12729" started-at="2018-06-04T15:45:01Z" finished-at="2018-06-04T15:45:14Z">
          <reporter-output>
          </reporter-output>
        </test-method> <!-- beforeclass -->
        <test-method status="FAIL" signature="manualjob()[pri:4, instance:login.ExtentReport@4b9e13df]" test-instance-name="" name="manualjob" duration-ms="16732" started-at="2018-06-04T15:45:14Z" finished-at="2018-06-04T15:45:30Z">
          <exception class="org.openqa.selenium.WebDriverException">
            <message>
              <![CDATA[unknown error: Element <button class="btn btn-labeled btn-info btn-reload pull-right" id="createjobbuttonId" ng-disabled="!jobdescriptionData || !formInfo.company || !formInfo.selectTechnology || (!createdJdName &amp;&amp; formInfo.selectedJob == undefined)" data-ng-click="CreateJobDescription()" disabled="disabled">...</button> is not clickable at point (1004, 511). Other element would receive the click: <div class="col-md-12 col-sm-12 col-lg-12 nopadding select-job">...</div>
  (Session info: chrome=63.0.3239.132)
  (Driver info: chromedriver=2.35.528139 (47ead77cb35ad2a9a83248b292151462a66cd881),platform=Linux 4.4.0-93-generic x86_64) (WARNING: The server did not provide any stacktrace information)
Command duration or timeout: 0 milliseconds
Build info: version: '3.8.1', revision: '6e95a6684b', time: '2017-12-01T19:05:14.666Z'
System info: host: 'ULTP-478', ip: '127.0.0.1', os.name: 'Linux', os.arch: 'amd64', os.version: '4.4.0-93-generic', java.version: '1.8.0_141'
Driver info: org.openqa.selenium.chrome.ChromeDriver
Capabilities {acceptInsecureCerts: false, acceptSslCerts: false, applicationCacheEnabled: false, browserConnectionEnabled: false, browserName: chrome, chrome: {chromedriverVersion: 2.35.528139 (47ead77cb35ad2..., userDataDir: /tmp/.org.chromium.Chromium...}, cssSelectorsEnabled: true, databaseEnabled: false, handlesAlerts: true, hasTouchScreen: false, javascriptEnabled: true, locationContextEnabled: true, mobileEmulationEnabled: false, nativeEvents: true, networkConnectionEnabled: false, pageLoadStrategy: normal, platform: LINUX, platformName: LINUX, rotatable: false, setWindowRect: true, takesHeapSnapshot: true, takesScreenshot: true, unexpectedAlertBehaviour: , unhandledPromptBehavior: , version: 63.0.3239.132, webStorageEnabled: true}
Session ID: 3c825e55f650296da945795b693114b7]]>
            </message>
            <full-stacktrace>
              <![CDATA[org.openqa.selenium.WebDriverException: unknown error: Element <button class="btn btn-labeled btn-info btn-reload pull-right" id="createjobbuttonId" ng-disabled="!jobdescriptionData || !formInfo.company || !formInfo.selectTechnology || (!createdJdName &amp;&amp; formInfo.selectedJob == undefined)" data-ng-click="CreateJobDescription()" disabled="disabled">...</button> is not clickable at point (1004, 511). Other element would receive the click: <div class="col-md-12 col-sm-12 col-lg-12 nopadding select-job">...</div>
  (Session info: chrome=63.0.3239.132)
  (Driver info: chromedriver=2.35.528139 (47ead77cb35ad2a9a83248b292151462a66cd881),platform=Linux 4.4.0-93-generic x86_64) (WARNING: The server did not provide any stacktrace information)
Command duration or timeout: 0 milliseconds
Build info: version: '3.8.1', revision: '6e95a6684b', time: '2017-12-01T19:05:14.666Z'
System info: host: 'ULTP-478', ip: '127.0.0.1', os.name: 'Linux', os.arch: 'amd64', os.version: '4.4.0-93-generic', java.version: '1.8.0_141'
Driver info: org.openqa.selenium.chrome.ChromeDriver
Capabilities {acceptInsecureCerts: false, acceptSslCerts: false, applicationCacheEnabled: false, browserConnectionEnabled: false, browserName: chrome, chrome: {chromedriverVersion: 2.35.528139 (47ead77cb35ad2..., userDataDir: /tmp/.org.chromium.Chromium...}, cssSelectorsEnabled: true, databaseEnabled: false, handlesAlerts: true, hasTouchScreen: false, javascriptEnabled: true, locationContextEnabled: true, mobileEmulationEnabled: false, nativeEvents: true, networkConnectionEnabled: false, pageLoadStrategy: normal, platform: LINUX, platformName: LINUX, rotatable: false, setWindowRect: true, takesHeapSnapshot: true, takesScreenshot: true, unexpectedAlertBehaviour: , unhandledPromptBehavior: , version: 63.0.3239.132, webStorageEnabled: true}
Session ID: 3c825e55f650296da945795b693114b7
	at sun.reflect.NativeConstructorAccessorImpl.newInstance0(Native Method)
	at sun.reflect.NativeConstructorAccessorImpl.newInstance(NativeConstructorAccessorImpl.java:62)
	at sun.reflect.DelegatingConstructorAccessorImpl.newInstance(DelegatingConstructorAccessorImpl.java:45)
	at java.lang.reflect.Constructor.newInstance(Constructor.java:423)
	at org.openqa.selenium.remote.ErrorHandler.createThrowable(ErrorHandler.java:214)
	at org.openqa.selenium.remote.ErrorHandler.throwIfResponseFailed(ErrorHandler.java:166)
	at org.openqa.selenium.remote.http.JsonHttpResponseCodec.reconstructValue(JsonHttpResponseCodec.java:40)
	at org.openqa.selenium.remote.http.AbstractHttpResponseCodec.decode(AbstractHttpResponseCodec.java:80)
	at org.openqa.selenium.remote.http.AbstractHttpResponseCodec.decode(AbstractHttpResponseCodec.java:44)
	at org.openqa.selenium.remote.HttpCommandExecutor.execute(HttpCommandExecutor.java:164)
	at org.openqa.selenium.remote.service.DriverCommandExecutor.execute(DriverCommandExecutor.java:83)
	at org.openqa.selenium.remote.RemoteWebDriver.execute(RemoteWebDriver.java:601)
	at org.openqa.selenium.remote.RemoteWebElement.execute(RemoteWebElement.java:279)
	at org.openqa.selenium.remote.RemoteWebElement.click(RemoteWebElement.java:83)
	at login.ExtentReport.manualjob(ExtentReport.java:174)
	at sun.reflect.NativeMethodAccessorImpl.invoke0(Native Method)
	at sun.reflect.NativeMethodAccessorImpl.invoke(NativeMethodAccessorImpl.java:62)
	at sun.reflect.DelegatingMethodAccessorImpl.invoke(DelegatingMethodAccessorImpl.java:43)
	at java.lang.reflect.Method.invoke(Method.java:498)
	at org.testng.internal.MethodInvocationHelper.invokeMethod(MethodInvocationHelper.java:86)
	at org.testng.internal.Invoker.invokeMethod(Invoker.java:643)
	at org.testng.internal.Invoker.invokeTestMethod(Invoker.java:820)
	at org.testng.internal.Invoker.invokeTestMethods(Invoker.java:1128)
	at org.testng.internal.TestMethodWorker.invokeTestMethods(TestMethodWorker.java:129)
	at org.testng.internal.TestMethodWorker.run(TestMethodWorker.java:112)
	at org.testng.TestRunner.privateRun(TestRunner.java:782)
	at org.testng.TestRunner.run(TestRunner.java:632)
	at org.testng.SuiteRunner.runTest(SuiteRunner.java:366)
	at org.testng.SuiteRunner.runSequentially(SuiteRunner.java:361)
	at org.testng.SuiteRunner.privateRun(SuiteRunner.java:319)
	at org.testng.SuiteRunner.run(SuiteRunner.java:268)
	at org.testng.SuiteRunnerWorker.runSuite(SuiteRunnerWorker.java:52)
	at org.testng.SuiteRunnerWorker.run(SuiteRunnerWorker.java:86)
	at org.testng.TestNG.runSuitesSequentially(TestNG.java:1244)
	at org.testng.TestNG.runSuitesLocally(TestNG.java:1169)
	at org.testng.TestNG.run(TestNG.java:1064)
	at org.testng.remote.AbstractRemoteTestNG.run(AbstractRemoteTestNG.java:114)
	at org.testng.remote.RemoteTestNG.initAndRun(RemoteTestNG.java:251)
	at org.testng.remote.RemoteTestNG.main(RemoteTestNG.java:77)
]]>
            </full-stacktrace>
          </exception> <!-- org.openqa.selenium.WebDriverException -->
          <reporter-output>
          </reporter-output>
        </test-method> <!-- manualjob -->
        <test-method status="PASS" signature="setTestResult(org.testng.ITestResult)[pri:0, instance:login.ExtentReport@4b9e13df]" test-instance-name="" name="setTestResult" is-config="true" duration-ms="257" started-at="2018-06-04T15:45:30Z" finished-at="2018-06-04T15:45:31Z">
          <params>
            <param index="0">
              <value>
                <![CDATA[[TestResult name="" status=FAILURE method=ExtentReport.manualjob()[pri:4, instance:login.ExtentReport@4b9e13df] output={null}]]]>
              </value>
            </param>
          </params>
          <reporter-output>
          </reporter-output>
        </test-method> <!-- setTestResult -->
        <test-method status="PASS" signature="beforeclass()[pri:0, instance:login.ExtentReport@4b9e13df]" test-instance-name="" name="beforeclass" is-config="true" duration-ms="10799" started-at="2018-06-04T15:45:31Z" finished-at="2018-06-04T15:45:41Z">
          <reporter-output>
          </reporter-output>
        </test-method> <!-- beforeclass -->
        <test-method status="PASS" signature="ProcessJob()[pri:5, instance:login.ExtentReport@4b9e13df]" test-instance-name="" name="ProcessJob" duration-ms="33506" started-at="2018-06-04T15:45:41Z" finished-at="2018-06-04T15:46:15Z">
          <reporter-output>
          </reporter-output>
        </test-method> <!-- ProcessJob -->
        <test-method status="PASS" signature="setTestResult(org.testng.ITestResult)[pri:0, instance:login.ExtentReport@4b9e13df]" test-instance-name="" name="setTestResult" is-config="true" duration-ms="402" started-at="2018-06-04T15:46:15Z" finished-at="2018-06-04T15:46:15Z">
          <params>
            <param index="0">
              <value>
                <![CDATA[[TestResult name="" status=SUCCESS method=ExtentReport.ProcessJob()[pri:5, instance:login.ExtentReport@4b9e13df] output={null}]]]>
              </value>
            </param>
          </params>
          <reporter-output>
          </reporter-output>
        </test-method> <!-- setTestResult -->
        <test-method status="PASS" signature="beforeclass()[pri:0, instance:login.ExtentReport@4b9e13df]" test-instance-name="" name="beforeclass" is-config="true" duration-ms="12142" started-at="2018-06-04T15:46:15Z" finished-at="2018-06-04T15:46:28Z">
          <reporter-output>
          </reporter-output>
        </test-method> <!-- beforeclass -->
        <test-method status="PASS" signature="openjobannotatedtab()[pri:6, instance:login.ExtentReport@4b9e13df]" test-instance-name="" name="openjobannotatedtab" duration-ms="21323" started-at="2018-06-04T15:46:28Z" finished-at="2018-06-04T15:46:49Z">
          <reporter-output>
          </reporter-output>
        </test-method> <!-- openjobannotatedtab -->
        <test-method status="PASS" signature="setTestResult(org.testng.ITestResult)[pri:0, instance:login.ExtentReport@4b9e13df]" test-instance-name="" name="setTestResult" is-config="true" duration-ms="357" started-at="2018-06-04T15:46:49Z" finished-at="2018-06-04T15:46:49Z">
          <params>
            <param index="0">
              <value>
                <![CDATA[[TestResult name="" status=SUCCESS method=ExtentReport.openjobannotatedtab()[pri:6, instance:login.ExtentReport@4b9e13df] output={null}]]]>
              </value>
            </param>
          </params>
          <reporter-output>
          </reporter-output>
        </test-method> <!-- setTestResult -->
        <test-method status="PASS" signature="beforeclass()[pri:0, instance:login.ExtentReport@4b9e13df]" test-instance-name="" name="beforeclass" is-config="true" duration-ms="12633" started-at="2018-06-04T15:46:49Z" finished-at="2018-06-04T15:47:02Z">
          <reporter-output>
          </reporter-output>
        </test-method> <!-- beforeclass -->
        <test-method status="FAIL" signature="openjobtobeannotatedtab()[pri:7, instance:login.ExtentReport@4b9e13df]" test-instance-name="" name="openjobtobeannotatedtab" duration-ms="35382" started-at="2018-06-04T15:47:02Z" finished-at="2018-06-04T15:47:37Z">
          <exception class="org.openqa.selenium.NoSuchElementException">
            <message>
              <![CDATA[no such element: Unable to locate element: {"method":"id","selector":"finishEditingButtonId"}
  (Session info: chrome=63.0.3239.132)
  (Driver info: chromedriver=2.35.528139 (47ead77cb35ad2a9a83248b292151462a66cd881),platform=Linux 4.4.0-93-generic x86_64) (WARNING: The server did not provide any stacktrace information)
Command duration or timeout: 0 milliseconds
For documentation on this error, please visit: http://seleniumhq.org/exceptions/no_such_element.html
Build info: version: '3.8.1', revision: '6e95a6684b', time: '2017-12-01T19:05:14.666Z'
System info: host: 'ULTP-478', ip: '127.0.0.1', os.name: 'Linux', os.arch: 'amd64', os.version: '4.4.0-93-generic', java.version: '1.8.0_141'
Driver info: org.openqa.selenium.chrome.ChromeDriver
Capabilities {acceptInsecureCerts: false, acceptSslCerts: false, applicationCacheEnabled: false, browserConnectionEnabled: false, browserName: chrome, chrome: {chromedriverVersion: 2.35.528139 (47ead77cb35ad2..., userDataDir: /tmp/.org.chromium.Chromium...}, cssSelectorsEnabled: true, databaseEnabled: false, handlesAlerts: true, hasTouchScreen: false, javascriptEnabled: true, locationContextEnabled: true, mobileEmulationEnabled: false, nativeEvents: true, networkConnectionEnabled: false, pageLoadStrategy: normal, platform: LINUX, platformName: LINUX, rotatable: false, setWindowRect: true, takesHeapSnapshot: true, takesScreenshot: true, unexpectedAlertBehaviour: , unhandledPromptBehavior: , version: 63.0.3239.132, webStorageEnabled: true}
Session ID: bbbab6fd78a8e73d6e230482627b971b
*** Element info: {Using=id, value=finishEditingButtonId}]]>
            </message>
            <full-stacktrace>
              <![CDATA[org.openqa.selenium.NoSuchElementException: no such element: Unable to locate element: {"method":"id","selector":"finishEditingButtonId"}
  (Session info: chrome=63.0.3239.132)
  (Driver info: chromedriver=2.35.528139 (47ead77cb35ad2a9a83248b292151462a66cd881),platform=Linux 4.4.0-93-generic x86_64) (WARNING: The server did not provide any stacktrace information)
Command duration or timeout: 0 milliseconds
For documentation on this error, please visit: http://seleniumhq.org/exceptions/no_such_element.html
Build info: version: '3.8.1', revision: '6e95a6684b', time: '2017-12-01T19:05:14.666Z'
System info: host: 'ULTP-478', ip: '127.0.0.1', os.name: 'Linux', os.arch: 'amd64', os.version: '4.4.0-93-generic', java.version: '1.8.0_141'
Driver info: org.openqa.selenium.chrome.ChromeDriver
Capabilities {acceptInsecureCerts: false, acceptSslCerts: false, applicationCacheEnabled: false, browserConnectionEnabled: false, browserName: chrome, chrome: {chromedriverVersion: 2.35.528139 (47ead77cb35ad2..., userDataDir: /tmp/.org.chromium.Chromium...}, cssSelectorsEnabled: true, databaseEnabled: false, handlesAlerts: true, hasTouchScreen: false, javascriptEnabled: true, locationContextEnabled: true, mobileEmulationEnabled: false, nativeEvents: true, networkConnectionEnabled: false, pageLoadStrategy: normal, platform: LINUX, platformName: LINUX, rotatable: false, setWindowRect: true, takesHeapSnapshot: true, takesScreenshot: true, unexpectedAlertBehaviour: , unhandledPromptBehavior: , version: 63.0.3239.132, webStorageEnabled: true}
Session ID: bbbab6fd78a8e73d6e230482627b971b
*** Element info: {Using=id, value=finishEditingButtonId}
	at sun.reflect.NativeConstructorAccessorImpl.newInstance0(Native Method)
	at sun.reflect.NativeConstructorAccessorImpl.newInstance(NativeConstructorAccessorImpl.java:62)
	at sun.reflect.DelegatingConstructorAccessorImpl.newInstance(DelegatingConstructorAccessorImpl.java:45)
	at java.lang.reflect.Constructor.newInstance(Constructor.java:423)
	at org.openqa.selenium.remote.ErrorHandler.createThrowable(ErrorHandler.java:214)
	at org.openqa.selenium.remote.ErrorHandler.throwIfResponseFailed(ErrorHandler.java:166)
	at org.openqa.selenium.remote.http.JsonHttpResponseCodec.reconstructValue(JsonHttpResponseCodec.java:40)
	at org.openqa.selenium.remote.http.AbstractHttpResponseCodec.decode(AbstractHttpResponseCodec.java:80)
	at org.openqa.selenium.remote.http.AbstractHttpResponseCodec.decode(AbstractHttpResponseCodec.java:44)
	at org.openqa.selenium.remote.HttpCommandExecutor.execute(HttpCommandExecutor.java:164)
	at org.openqa.selenium.remote.service.DriverCommandExecutor.execute(DriverCommandExecutor.java:83)
	at org.openqa.selenium.remote.RemoteWebDriver.execute(RemoteWebDriver.java:601)
	at org.openqa.selenium.remote.RemoteWebDriver.findElement(RemoteWebDriver.java:371)
	at org.openqa.selenium.remote.RemoteWebDriver.findElementById(RemoteWebDriver.java:417)
	at org.openqa.selenium.By$ById.findElement(By.java:218)
	at org.openqa.selenium.remote.RemoteWebDriver.findElement(RemoteWebDriver.java:363)
	at login.ExtentReport.openjobtobeannotatedtab(ExtentReport.java:287)
	at sun.reflect.NativeMethodAccessorImpl.invoke0(Native Method)
	at sun.reflect.NativeMethodAccessorImpl.invoke(NativeMethodAccessorImpl.java:62)
	at sun.reflect.DelegatingMethodAccessorImpl.invoke(DelegatingMethodAccessorImpl.java:43)
	at java.lang.reflect.Method.invoke(Method.java:498)
	at org.testng.internal.MethodInvocationHelper.invokeMethod(MethodInvocationHelper.java:86)
	at org.testng.internal.Invoker.invokeMethod(Invoker.java:643)
	at org.testng.internal.Invoker.invokeTestMethod(Invoker.java:820)
	at org.testng.internal.Invoker.invokeTestMethods(Invoker.java:1128)
	at org.testng.internal.TestMethodWorker.invokeTestMethods(TestMethodWorker.java:129)
	at org.testng.internal.TestMethodWorker.run(TestMethodWorker.java:112)
	at org.testng.TestRunner.privateRun(TestRunner.java:782)
	at org.testng.TestRunner.run(TestRunner.java:632)
	at org.testng.SuiteRunner.runTest(SuiteRunner.java:366)
	at org.testng.SuiteRunner.runSequentially(SuiteRunner.java:361)
	at org.testng.SuiteRunner.privateRun(SuiteRunner.java:319)
	at org.testng.SuiteRunner.run(SuiteRunner.java:268)
	at org.testng.SuiteRunnerWorker.runSuite(SuiteRunnerWorker.java:52)
	at org.testng.SuiteRunnerWorker.run(SuiteRunnerWorker.java:86)
	at org.testng.TestNG.runSuitesSequentially(TestNG.java:1244)
	at org.testng.TestNG.runSuitesLocally(TestNG.java:1169)
	at org.testng.TestNG.run(TestNG.java:1064)
	at org.testng.remote.AbstractRemoteTestNG.run(AbstractRemoteTestNG.java:114)
	at org.testng.remote.RemoteTestNG.initAndRun(RemoteTestNG.java:251)
	at org.testng.remote.RemoteTestNG.main(RemoteTestNG.java:77)
]]>
            </full-stacktrace>
          </exception> <!-- org.openqa.selenium.NoSuchElementException -->
          <reporter-output>
          </reporter-output>
        </test-method> <!-- openjobtobeannotatedtab -->
        <test-method status="PASS" signature="setTestResult(org.testng.ITestResult)[pri:0, instance:login.ExtentReport@4b9e13df]" test-instance-name="" name="setTestResult" is-config="true" duration-ms="307" started-at="2018-06-04T15:47:37Z" finished-at="2018-06-04T15:47:38Z">
          <params>
            <param index="0">
              <value>
                <![CDATA[[TestResult name="" status=FAILURE method=ExtentReport.openjobtobeannotatedtab()[pri:7, instance:login.ExtentReport@4b9e13df] output={null}]]]>
              </value>
            </param>
          </params>
          <reporter-output>
          </reporter-output>
        </test-method> <!-- setTestResult -->
        <test-method status="PASS" signature="beforeclass()[pri:0, instance:login.ExtentReport@4b9e13df]" test-instance-name="" name="beforeclass" is-config="true" duration-ms="11610" started-at="2018-06-04T15:47:38Z" finished-at="2018-06-04T15:47:49Z">
          <reporter-output>
          </reporter-output>
        </test-method> <!-- beforeclass -->
        <test-method status="PASS" signature="trackjob()[pri:8, instance:login.ExtentReport@4b9e13df]" test-instance-name="" name="trackjob" duration-ms="12164" started-at="2018-06-04T15:47:49Z" finished-at="2018-06-04T15:48:01Z">
          <reporter-output>
          </reporter-output>
        </test-method> <!-- trackjob -->
        <test-method status="PASS" signature="setTestResult(org.testng.ITestResult)[pri:0, instance:login.ExtentReport@4b9e13df]" test-instance-name="" name="setTestResult" is-config="true" duration-ms="337" started-at="2018-06-04T15:48:01Z" finished-at="2018-06-04T15:48:02Z">
          <params>
            <param index="0">
              <value>
                <![CDATA[[TestResult name="" status=SUCCESS method=ExtentReport.trackjob()[pri:8, instance:login.ExtentReport@4b9e13df] output={null}]]]>
              </value>
            </param>
          </params>
          <reporter-output>
          </reporter-output>
        </test-method> <!-- setTestResult -->
        <test-method status="PASS" signature="beforeclass()[pri:0, instance:login.ExtentReport@4b9e13df]" test-instance-name="" name="beforeclass" is-config="true" duration-ms="10004" started-at="2018-06-04T15:48:02Z" finished-at="2018-06-04T15:48:12Z">
          <reporter-output>
          </reporter-output>
        </test-method> <!-- beforeclass -->
        <test-method status="PASS" signature="downloadtracker()[pri:9, instance:login.ExtentReport@4b9e13df]" test-instance-name="" name="downloadtracker" duration-ms="12174" started-at="2018-06-04T15:48:12Z" finished-at="2018-06-04T15:48:24Z">
          <reporter-output>
          </reporter-output>
        </test-method> <!-- downloadtracker -->
        <test-method status="PASS" signature="setTestResult(org.testng.ITestResult)[pri:0, instance:login.ExtentReport@4b9e13df]" test-instance-name="" name="setTestResult" is-config="true" duration-ms="324" started-at="2018-06-04T15:48:24Z" finished-at="2018-06-04T15:48:24Z">
          <params>
            <param index="0">
              <value>
                <![CDATA[[TestResult name="" status=SUCCESS method=ExtentReport.downloadtracker()[pri:9, instance:login.ExtentReport@4b9e13df] output={null}]]]>
              </value>
            </param>
          </params>
          <reporter-output>
          </reporter-output>
        </test-method> <!-- setTestResult -->
        <test-method status="PASS" signature="beforeclass()[pri:0, instance:login.ExtentReport@4b9e13df]" test-instance-name="" name="beforeclass" is-config="true" duration-ms="9890" started-at="2018-06-04T15:48:24Z" finished-at="2018-06-04T15:48:34Z">
          <reporter-output>
          </reporter-output>
        </test-method> <!-- beforeclass -->
        <test-method status="PASS" signature="deletejob()[pri:10, instance:login.ExtentReport@4b9e13df]" test-instance-name="" name="deletejob" duration-ms="14273" started-at="2018-06-04T15:48:34Z" finished-at="2018-06-04T15:48:48Z">
          <reporter-output>
          </reporter-output>
        </test-method> <!-- deletejob -->
        <test-method status="PASS" signature="setTestResult(org.testng.ITestResult)[pri:0, instance:login.ExtentReport@4b9e13df]" test-instance-name="" name="setTestResult" is-config="true" duration-ms="331" started-at="2018-06-04T15:48:48Z" finished-at="2018-06-04T15:48:49Z">
          <params>
            <param index="0">
              <value>
                <![CDATA[[TestResult name="" status=SUCCESS method=ExtentReport.deletejob()[pri:10, instance:login.ExtentReport@4b9e13df] output={null}]]]>
              </value>
            </param>
          </params>
          <reporter-output>
          </reporter-output>
        </test-method> <!-- setTestResult -->
        <test-method status="PASS" signature="beforeclass()[pri:0, instance:login.ExtentReport@4b9e13df]" test-instance-name="" name="beforeclass" is-config="true" duration-ms="12465" started-at="2018-06-04T15:48:49Z" finished-at="2018-06-04T15:49:01Z">
          <reporter-output>
          </reporter-output>
        </test-method> <!-- beforeclass -->
        <test-method status="PASS" signature="refreshjob()[pri:11, instance:login.ExtentReport@4b9e13df]" test-instance-name="" name="refreshjob" duration-ms="5083" started-at="2018-06-04T15:49:01Z" finished-at="2018-06-04T15:49:06Z">
          <reporter-output>
          </reporter-output>
        </test-method> <!-- refreshjob -->
        <test-method status="PASS" signature="setTestResult(org.testng.ITestResult)[pri:0, instance:login.ExtentReport@4b9e13df]" test-instance-name="" name="setTestResult" is-config="true" duration-ms="291" started-at="2018-06-04T15:49:06Z" finished-at="2018-06-04T15:49:06Z">
          <params>
            <param index="0">
              <value>
                <![CDATA[[TestResult name="" status=SUCCESS method=ExtentReport.refreshjob()[pri:11, instance:login.ExtentReport@4b9e13df] output={null}]]]>
              </value>
            </param>
          </params>
          <reporter-output>
          </reporter-output>
        </test-method> <!-- setTestResult -->
        <test-method status="PASS" signature="beforeclass()[pri:0, instance:login.ExtentReport@4b9e13df]" test-instance-name="" name="beforeclass" is-config="true" duration-ms="10413" started-at="2018-06-04T15:49:06Z" finished-at="2018-06-04T15:49:17Z">
          <reporter-output>
          </reporter-output>
        </test-method> <!-- beforeclass -->
        <test-method status="PASS" signature="logoutTest()[pri:12, instance:login.ExtentReport@4b9e13df]" test-instance-name="" name="logoutTest" duration-ms="3018" started-at="2018-06-04T15:49:17Z" finished-at="2018-06-04T15:49:20Z">
          <reporter-output>
          </reporter-output>
        </test-method> <!-- logoutTest -->
        <test-method status="PASS" signature="setTestResult(org.testng.ITestResult)[pri:0, instance:login.ExtentReport@4b9e13df]" test-instance-name="" name="setTestResult" is-config="true" duration-ms="279" started-at="2018-06-04T15:49:20Z" finished-at="2018-06-04T15:49:20Z">
          <params>
            <param index="0">
              <value>
                <![CDATA[[TestResult name="" status=SUCCESS method=ExtentReport.logoutTest()[pri:12, instance:login.ExtentReport@4b9e13df] output={null}]]]>
              </value>
            </param>
          </params>
          <reporter-output>
          </reporter-output>
        </test-method> <!-- setTestResult -->
        <test-method status="PASS" signature="endTest()[pri:0, instance:login.ExtentReport@4b9e13df]" test-instance-name="" name="endTest" is-config="true" duration-ms="76" started-at="2018-06-04T15:49:20Z" finished-at="2018-06-04T15:49:20Z">
          <reporter-output>
          </reporter-output>
        </test-method> <!-- endTest -->
      </class> <!-- login.ExtentReport -->
    </test> <!-- Default test -->
  </suite> <!-- Default suite -->
</testng-results>
